# JRE version: OpenJDK Runtime Environment Temurin-21.0.8+9 (21.0.8+9) (build 21.0.8+9-LTS)
# Java VM: OpenJDK 64-Bit Server VM Temurin-21.0.8+9 (21.0.8+9-LTS, mixed mode, sharing, tiered, compressed oops, compressed class ptrs, parallel gc, windows-amd64)
GC Precious Log:
 CardTable entry size: 512
 CPUs: 12 total, 12 available
 Memory: 16094M
 Large Page Support: Disabled
 NUMA Support: Disabled
 Compressed Oops: Enabled (32-bit)
 Alignments: Space 512K, Generation 512K, Heap 2M
 Heap Min Capacity: 100M
 Heap Initial Capacity: 100M
 Heap Max Capacity: 2G
 Pre-touch: Disabled
 Parallel Workers: 10
Heap:
 PSYoungGen      total 4096K, used 1536K [0x00000000d5580000, 0x00000000d5c00000, 0x0000000100000000)
  eden space 2560K, 0% used [0x00000000d5580000,0x00000000d5580000,0x00000000d5800000)
  from space 1536K, 100% used [0x00000000d5900000,0x00000000d5a80000,0x00000000d5a80000)
  to   space 512K, 0% used [0x00000000d5b80000,0x00000000d5b80000,0x00000000d5c00000)
 ParOldGen       total 715264K, used 340148K [0x0000000080000000, 0x00000000aba80000, 0x00000000d5580000)
  object space 715264K, 47% used [0x0000000080000000,0x0000000094c2d0e8,0x00000000aba80000)
 Metaspace       used 92637K, committed 94336K, reserved 1179648K
  class space    used 9438K, committed 10240K, reserved 1048576K
GC Heap History (20 events):
Event: 1302.378 GC heap before
{Heap before GC invocations=1960 (full 5):
 PSYoungGen      total 3072K, used 2667K [0x00000000d5580000, 0x00000000d5a80000, 0x0000000100000000)
  eden space 1536K, 100% used [0x00000000d5580000,0x00000000d5700000,0x00000000d5700000)
  from space 1536K, 73% used [0x00000000d5900000,0x00000000d5a1af90,0x00000000d5a80000)
  to   space 1536K, 0% used [0x00000000d5780000,0x00000000d5780000,0x00000000d5900000)
 ParOldGen       total 715264K, used 329540K [0x0000000080000000, 0x00000000aba80000, 0x00000000d5580000)
  object space 715264K, 46% used [0x0000000080000000,0x00000000941d1040,0x00000000aba80000)
 Metaspace       used 92576K, committed 94272K, reserved 1179648K
  class space    used 9433K, committed 10240K, reserved 1048576K
}
Event: 1302.380 GC heap after
{Heap after GC invocations=1960 (full 5):
 PSYoungGen      total 3584K, used 1536K [0x00000000d5580000, 0x00000000d5d80000, 0x0000000100000000)
  eden space 2048K, 0% used [0x00000000d5580000,0x00000000d5580000,0x00000000d5780000)
  from space 1536K, 100% used [0x00000000d5780000,0x00000000d5900000,0x00000000d5900000)
  to   space 3072K, 0% used [0x00000000d5a80000,0x00000000d5a80000,0x00000000d5d80000)
 ParOldGen       total 715264K, used 330567K [0x0000000080000000, 0x00000000aba80000, 0x00000000d5580000)
  object space 715264K, 46% used [0x0000000080000000,0x00000000942d1fd0,0x00000000aba80000)
 Metaspace       used 92576K, committed 94272K, reserved 1179648K
  class space    used 9433K, committed 10240K, reserved 1048576K
}
Event: 1302.468 GC heap before
{Heap before GC invocations=1961 (full 5):
 PSYoungGen      total 3584K, used 3584K [0x00000000d5580000, 0x00000000d5d80000, 0x0000000100000000)
  eden space 2048K, 100% used [0x00000000d5580000,0x00000000d5780000,0x00000000d5780000)
  from space 1536K, 100% used [0x00000000d5780000,0x00000000d5900000,0x00000000d5900000)
  to   space 3072K, 0% used [0x00000000d5a80000,0x00000000d5a80000,0x00000000d5d80000)
 ParOldGen       total 715264K, used 330567K [0x0000000080000000, 0x00000000aba80000, 0x00000000d5580000)
  object space 715264K, 46% used [0x0000000080000000,0x00000000942d1fd0,0x00000000aba80000)
 Metaspace       used 92576K, committed 94272K, reserved 1179648K
  class space    used 9433K, committed 10240K, reserved 1048576K
}
Event: 1302.471 GC heap after
{Heap after GC invocations=1961 (full 5):
 PSYoungGen      total 4608K, used 1696K [0x00000000d5580000, 0x00000000d5c80000, 0x0000000100000000)
  eden space 2560K, 0% used [0x00000000d5580000,0x00000000d5580000,0x00000000d5800000)
  from space 2048K, 82% used [0x00000000d5a80000,0x00000000d5c28000,0x00000000d5c80000)
  to   space 2048K, 0% used [0x00000000d5880000,0x00000000d5880000,0x00000000d5a80000)
 ParOldGen       total 715264K, used 332103K [0x0000000080000000, 0x00000000aba80000, 0x00000000d5580000)
  object space 715264K, 46% used [0x0000000080000000,0x0000000094451fd0,0x00000000aba80000)
 Metaspace       used 92576K, committed 94272K, reserved 1179648K
  class space    used 9433K, committed 10240K, reserved 1048576K
}
Event: 1302.480 GC heap before
{Heap before GC invocations=1962 (full 5):
 PSYoungGen      total 4608K, used 4256K [0x00000000d5580000, 0x00000000d5c80000, 0x0000000100000000)
  eden space 2560K, 100% used [0x00000000d5580000,0x00000000d5800000,0x00000000d5800000)
  from space 2048K, 82% used [0x00000000d5a80000,0x00000000d5c28000,0x00000000d5c80000)
  to   space 2048K, 0% used [0x00000000d5880000,0x00000000d5880000,0x00000000d5a80000)
 ParOldGen       total 715264K, used 332103K [0x0000000080000000, 0x00000000aba80000, 0x00000000d5580000)
  object space 715264K, 46% used [0x0000000080000000,0x0000000094451fd0,0x00000000aba80000)
 Metaspace       used 92576K, committed 94272K, reserved 1179648K
  class space    used 9433K, committed 10240K, reserved 1048576K
}
Event: 1302.482 GC heap after
{Heap after GC invocations=1962 (full 5):
 PSYoungGen      total 4608K, used 2027K [0x00000000d5580000, 0x00000000d6000000, 0x0000000100000000)
  eden space 2560K, 0% used [0x00000000d5580000,0x00000000d5580000,0x00000000d5800000)
  from space 2048K, 99% used [0x00000000d5880000,0x00000000d5a7af90,0x00000000d5a80000)
  to   space 4096K, 0% used [0x00000000d5c00000,0x00000000d5c00000,0x00000000d6000000)
 ParOldGen       total 715264K, used 333693K [0x0000000080000000, 0x00000000aba80000, 0x00000000d5580000)
  object space 715264K, 46% used [0x0000000080000000,0x00000000945df450,0x00000000aba80000)
 Metaspace       used 92576K, committed 94272K, reserved 1179648K
  class space    used 9433K, committed 10240K, reserved 1048576K
}
Event: 1302.492 GC heap before
{Heap before GC invocations=1963 (full 5):
 PSYoungGen      total 4608K, used 4587K [0x00000000d5580000, 0x00000000d6000000, 0x0000000100000000)
  eden space 2560K, 100% used [0x00000000d5580000,0x00000000d5800000,0x00000000d5800000)
  from space 2048K, 99% used [0x00000000d5880000,0x00000000d5a7af90,0x00000000d5a80000)
  to   space 4096K, 0% used [0x00000000d5c00000,0x00000000d5c00000,0x00000000d6000000)
 ParOldGen       total 715264K, used 333693K [0x0000000080000000, 0x00000000aba80000, 0x00000000d5580000)
  object space 715264K, 46% used [0x0000000080000000,0x00000000945df450,0x00000000aba80000)
 Metaspace       used 92576K, committed 94272K, reserved 1179648K
  class space    used 9433K, committed 10240K, reserved 1048576K
}
Event: 1302.493 GC heap after
{Heap after GC invocations=1963 (full 5):
 PSYoungGen      total 3584K, used 811K [0x00000000d5580000, 0x00000000d5d00000, 0x0000000100000000)
  eden space 2560K, 0% used [0x00000000d5580000,0x00000000d5580000,0x00000000d5800000)
  from space 1024K, 79% used [0x00000000d5c00000,0x00000000d5ccaf90,0x00000000d5d00000)
  to   space 2048K, 0% used [0x00000000d5900000,0x00000000d5900000,0x00000000d5b00000)
 ParOldGen       total 715264K, used 333989K [0x0000000080000000, 0x00000000aba80000, 0x00000000d5580000)
  object space 715264K, 46% used [0x0000000080000000,0x0000000094629450,0x00000000aba80000)
 Metaspace       used 92576K, committed 94272K, reserved 1179648K
  class space    used 9433K, committed 10240K, reserved 1048576K
}
Event: 1302.501 GC heap before
{Heap before GC invocations=1964 (full 5):
 PSYoungGen      total 3584K, used 3371K [0x00000000d5580000, 0x00000000d5d00000, 0x0000000100000000)
  eden space 2560K, 100% used [0x00000000d5580000,0x00000000d5800000,0x00000000d5800000)
  from space 1024K, 79% used [0x00000000d5c00000,0x00000000d5ccaf90,0x00000000d5d00000)
  to   space 2048K, 0% used [0x00000000d5900000,0x00000000d5900000,0x00000000d5b00000)
 ParOldGen       total 715264K, used 333989K [0x0000000080000000, 0x00000000aba80000, 0x00000000d5580000)
  object space 715264K, 46% used [0x0000000080000000,0x0000000094629450,0x00000000aba80000)
 Metaspace       used 92576K, committed 94272K, reserved 1179648K
  class space    used 9433K, committed 10240K, reserved 1048576K
}
Event: 1302.504 GC heap after
{Heap after GC invocations=1964 (full 5):
 PSYoungGen      total 4608K, used 2048K [0x00000000d5580000, 0x00000000d6000000, 0x0000000100000000)
  eden space 2560K, 0% used [0x00000000d5580000,0x00000000d5580000,0x00000000d5800000)
  from space 2048K, 100% used [0x00000000d5900000,0x00000000d5b00000,0x00000000d5b00000)
  to   space 4096K, 0% used [0x00000000d5c00000,0x00000000d5c00000,0x00000000d6000000)
 ParOldGen       total 715264K, used 335144K [0x0000000080000000, 0x00000000aba80000, 0x00000000d5580000)
  object space 715264K, 46% used [0x0000000080000000,0x000000009474a3e0,0x00000000aba80000)
 Metaspace       used 92576K, committed 94272K, reserved 1179648K
  class space    used 9433K, committed 10240K, reserved 1048576K
}
Event: 1302.866 GC heap before
{Heap before GC invocations=1965 (full 5):
 PSYoungGen      total 4608K, used 4608K [0x00000000d5580000, 0x00000000d6000000, 0x0000000100000000)
  eden space 2560K, 100% used [0x00000000d5580000,0x00000000d5800000,0x00000000d5800000)
  from space 2048K, 100% used [0x00000000d5900000,0x00000000d5b00000,0x00000000d5b00000)
  to   space 4096K, 0% used [0x00000000d5c00000,0x00000000d5c00000,0x00000000d6000000)
 ParOldGen       total 715264K, used 335144K [0x0000000080000000, 0x00000000aba80000, 0x00000000d5580000)
  object space 715264K, 46% used [0x0000000080000000,0x000000009474a3e0,0x00000000aba80000)
 Metaspace       used 92576K, committed 94336K, reserved 1179648K
  class space    used 9433K, committed 10240K, reserved 1048576K
}
Event: 1302.869 GC heap after
{Heap after GC invocations=1965 (full 5):
 PSYoungGen      total 3584K, used 976K [0x00000000d5580000, 0x00000000d5d00000, 0x0000000100000000)
  eden space 2560K, 0% used [0x00000000d5580000,0x00000000d5580000,0x00000000d5800000)
  from space 1024K, 95% used [0x00000000d5c00000,0x00000000d5cf4010,0x00000000d5d00000)
  to   space 2048K, 0% used [0x00000000d5900000,0x00000000d5900000,0x00000000d5b00000)
 ParOldGen       total 715264K, used 337248K [0x0000000080000000, 0x00000000aba80000, 0x00000000d5580000)
  object space 715264K, 47% used [0x0000000080000000,0x00000000949583e0,0x00000000aba80000)
 Metaspace       used 92576K, committed 94336K, reserved 1179648K
  class space    used 9433K, committed 10240K, reserved 1048576K
}
Event: 1302.887 GC heap before
{Heap before GC invocations=1966 (full 5):
 PSYoungGen      total 3584K, used 3536K [0x00000000d5580000, 0x00000000d5d00000, 0x0000000100000000)
  eden space 2560K, 100% used [0x00000000d5580000,0x00000000d5800000,0x00000000d5800000)
  from space 1024K, 95% used [0x00000000d5c00000,0x00000000d5cf4010,0x00000000d5d00000)
  to   space 2048K, 0% used [0x00000000d5900000,0x00000000d5900000,0x00000000d5b00000)
 ParOldGen       total 715264K, used 337248K [0x0000000080000000, 0x00000000aba80000, 0x00000000d5580000)
  object space 715264K, 47% used [0x0000000080000000,0x00000000949583e0,0x00000000aba80000)
 Metaspace       used 92576K, committed 94336K, reserved 1179648K
  class space    used 9433K, committed 10240K, reserved 1048576K
}
Event: 1302.888 GC heap after
{Heap after GC invocations=1966 (full 5):
 PSYoungGen      total 4608K, used 320K [0x00000000d5580000, 0x00000000d5c80000, 0x0000000100000000)
  eden space 2560K, 0% used [0x00000000d5580000,0x00000000d5580000,0x00000000d5800000)
  from space 2048K, 15% used [0x00000000d5900000,0x00000000d5950000,0x00000000d5b00000)
  to   space 1024K, 0% used [0x00000000d5b80000,0x00000000d5b80000,0x00000000d5c80000)
 ParOldGen       total 715264K, used 337744K [0x0000000080000000, 0x00000000aba80000, 0x00000000d5580000)
  object space 715264K, 47% used [0x0000000080000000,0x00000000949d43e0,0x00000000aba80000)
 Metaspace       used 92576K, committed 94336K, reserved 1179648K
  class space    used 9433K, committed 10240K, reserved 1048576K
}
Event: 1303.616 GC heap before
{Heap before GC invocations=1967 (full 5):
 PSYoungGen      total 4608K, used 2880K [0x00000000d5580000, 0x00000000d5c80000, 0x0000000100000000)
  eden space 2560K, 100% used [0x00000000d5580000,0x00000000d5800000,0x00000000d5800000)
  from space 2048K, 15% used [0x00000000d5900000,0x00000000d5950000,0x00000000d5b00000)
  to   space 1024K, 0% used [0x00000000d5b80000,0x00000000d5b80000,0x00000000d5c80000)
 ParOldGen       total 715264K, used 337744K [0x0000000080000000, 0x00000000aba80000, 0x00000000d5580000)
  object space 715264K, 47% used [0x0000000080000000,0x00000000949d43e0,0x00000000aba80000)
 Metaspace       used 92579K, committed 94336K, reserved 1179648K
  class space    used 9433K, committed 10240K, reserved 1048576K
}
Event: 1303.617 GC heap after
{Heap after GC invocations=1967 (full 5):
 PSYoungGen      total 3072K, used 320K [0x00000000d5580000, 0x00000000d5c00000, 0x0000000100000000)
  eden space 2560K, 0% used [0x00000000d5580000,0x00000000d5580000,0x00000000d5800000)
  from space 512K, 62% used [0x00000000d5b80000,0x00000000d5bd0000,0x00000000d5c00000)
  to   space 512K, 0% used [0x00000000d5b00000,0x00000000d5b00000,0x00000000d5b80000)
 ParOldGen       total 715264K, used 337792K [0x0000000080000000, 0x00000000aba80000, 0x00000000d5580000)
  object space 715264K, 47% used [0x0000000080000000,0x00000000949e03e0,0x00000000aba80000)
 Metaspace       used 92579K, committed 94336K, reserved 1179648K
  class space    used 9433K, committed 10240K, reserved 1048576K
}
Event: 1304.100 GC heap before
{Heap before GC invocations=1968 (full 5):
 PSYoungGen      total 3072K, used 2880K [0x00000000d5580000, 0x00000000d5c00000, 0x0000000100000000)
  eden space 2560K, 100% used [0x00000000d5580000,0x00000000d5800000,0x00000000d5800000)
  from space 512K, 62% used [0x00000000d5b80000,0x00000000d5bd0000,0x00000000d5c00000)
  to   space 512K, 0% used [0x00000000d5b00000,0x00000000d5b00000,0x00000000d5b80000)
 ParOldGen       total 715264K, used 337792K [0x0000000080000000, 0x00000000aba80000, 0x00000000d5580000)
  object space 715264K, 47% used [0x0000000080000000,0x00000000949e03e0,0x00000000aba80000)
 Metaspace       used 92616K, committed 94336K, reserved 1179648K
  class space    used 9438K, committed 10240K, reserved 1048576K
}
Event: 1304.102 GC heap after
{Heap after GC invocations=1968 (full 5):
 PSYoungGen      total 3072K, used 480K [0x00000000d5580000, 0x00000000d5c00000, 0x0000000100000000)
  eden space 2560K, 0% used [0x00000000d5580000,0x00000000d5580000,0x00000000d5800000)
  from space 512K, 93% used [0x00000000d5b00000,0x00000000d5b78000,0x00000000d5b80000)
  to   space 512K, 0% used [0x00000000d5b80000,0x00000000d5b80000,0x00000000d5c00000)
 ParOldGen       total 715264K, used 337848K [0x0000000080000000, 0x00000000aba80000, 0x00000000d5580000)
  object space 715264K, 47% used [0x0000000080000000,0x00000000949ee3e0,0x00000000aba80000)
 Metaspace       used 92616K, committed 94336K, reserved 1179648K
  class space    used 9438K, committed 10240K, reserved 1048576K
}
Event: 1304.668 GC heap before
{Heap before GC invocations=1969 (full 5):
 PSYoungGen      total 3072K, used 3036K [0x00000000d5580000, 0x00000000d5c00000, 0x0000000100000000)
  eden space 2560K, 99% used [0x00000000d5580000,0x00000000d57ff350,0x00000000d5800000)
  from space 512K, 93% used [0x00000000d5b00000,0x00000000d5b78000,0x00000000d5b80000)
  to   space 512K, 0% used [0x00000000d5b80000,0x00000000d5b80000,0x00000000d5c00000)
 ParOldGen       total 715264K, used 337848K [0x0000000080000000, 0x00000000aba80000, 0x00000000d5580000)
  object space 715264K, 47% used [0x0000000080000000,0x00000000949ee3e0,0x00000000aba80000)
 Metaspace       used 92628K, committed 94336K, reserved 1179648K
  class space    used 9438K, committed 10240K, reserved 1048576K
}
Event: 1304.671 GC heap after
{Heap after GC invocations=1969 (full 5):
 PSYoungGen      total 3072K, used 256K [0x00000000d5580000, 0x00000000d5c00000, 0x0000000100000000)
  eden space 2560K, 0% used [0x00000000d5580000,0x00000000d5580000,0x00000000d5800000)
  from space 512K, 50% used [0x00000000d5b80000,0x00000000d5bc0000,0x00000000d5c00000)
  to   space 512K, 0% used [0x00000000d5b00000,0x00000000d5b00000,0x00000000d5b80000)
 ParOldGen       total 715264K, used 337904K [0x0000000080000000, 0x00000000aba80000, 0x00000000d5580000)
  object space 715264K, 47% used [0x0000000080000000,0x00000000949fc3e0,0x00000000aba80000)
 Metaspace       used 92628K, committed 94336K, reserved 1179648K
  class space    used 9438K, committed 10240K, reserved 1048576K
}

