# JRE version: OpenJDK Runtime Environment Temurin-21.0.8+9 (21.0.8+9) (build 21.0.8+9-LTS)
# Java VM: OpenJDK 64-Bit Server VM Temurin-21.0.8+9 (21.0.8+9-LTS, mixed mode, sharing, tiered, compressed oops, compressed class ptrs, parallel gc, windows-amd64)
GC Precious Log:
 CardTable entry size: 512
 CPUs: 12 total, 12 available
 Memory: 16094M
 Large Page Support: Disabled
 NUMA Support: Disabled
 Compressed Oops: Enabled (32-bit)
 Alignments: Space 512K, Generation 512K, Heap 2M
 Heap Min Capacity: 100M
 Heap Initial Capacity: 100M
 Heap Max Capacity: 2G
 Pre-touch: Disabled
 Parallel Workers: 10
Heap:
 PSYoungGen      total 3584K, used 2511K [0x00000000d5580000, 0x00000000d5c00000, 0x0000000100000000)
  eden space 3072K, 75% used [0x00000000d5580000,0x00000000d57c3e60,0x00000000d5880000)
  from space 512K, 37% used [0x00000000d5b00000,0x00000000d5b30000,0x00000000d5b80000)
  to   space 512K, 0% used [0x00000000d5b80000,0x00000000d5b80000,0x00000000d5c00000)
 ParOldGen       total 616448K, used 134364K [0x0000000080000000, 0x00000000a5a00000, 0x00000000d5580000)
  object space 616448K, 21% used [0x0000000080000000,0x0000000088337270,0x00000000a5a00000)
 Metaspace       used 88582K, committed 90176K, reserved 1179648K
  class space    used 9396K, committed 10176K, reserved 1048576K
GC Heap History (20 events):
Event: 3872.789 GC heap before
{Heap before GC invocations=678 (full 4):
 PSYoungGen      total 3584K, used 3584K [0x00000000d5580000, 0x00000000d5d00000, 0x0000000100000000)
  eden space 3072K, 100% used [0x00000000d5580000,0x00000000d5880000,0x00000000d5880000)
  from space 512K, 100% used [0x00000000d5c00000,0x00000000d5c80000,0x00000000d5c80000)
  to   space 512K, 0% used [0x00000000d5c80000,0x00000000d5c80000,0x00000000d5d00000)
 ParOldGen       total 616448K, used 131629K [0x0000000080000000, 0x00000000a5a00000, 0x00000000d5580000)
  object space 616448K, 21% used [0x0000000080000000,0x000000008808b670,0x00000000a5a00000)
 Metaspace       used 87660K, committed 89344K, reserved 1179648K
  class space    used 9251K, committed 10112K, reserved 1048576K
}
Event: 3872.790 GC heap after
{Heap after GC invocations=678 (full 4):
 PSYoungGen      total 3584K, used 400K [0x00000000d5580000, 0x00000000d5d00000, 0x0000000100000000)
  eden space 3072K, 0% used [0x00000000d5580000,0x00000000d5580000,0x00000000d5880000)
  from space 512K, 78% used [0x00000000d5c80000,0x00000000d5ce4068,0x00000000d5d00000)
  to   space 1024K, 0% used [0x00000000d5b00000,0x00000000d5b00000,0x00000000d5c00000)
 ParOldGen       total 616448K, used 132036K [0x0000000080000000, 0x00000000a5a00000, 0x00000000d5580000)
  object space 616448K, 21% used [0x0000000080000000,0x00000000880f10b0,0x00000000a5a00000)
 Metaspace       used 87660K, committed 89344K, reserved 1179648K
  class space    used 9251K, committed 10112K, reserved 1048576K
}
Event: 3872.883 GC heap before
{Heap before GC invocations=679 (full 4):
 PSYoungGen      total 3584K, used 3472K [0x00000000d5580000, 0x00000000d5d00000, 0x0000000100000000)
  eden space 3072K, 100% used [0x00000000d5580000,0x00000000d5880000,0x00000000d5880000)
  from space 512K, 78% used [0x00000000d5c80000,0x00000000d5ce4068,0x00000000d5d00000)
  to   space 1024K, 0% used [0x00000000d5b00000,0x00000000d5b00000,0x00000000d5c00000)
 ParOldGen       total 616448K, used 132036K [0x0000000080000000, 0x00000000a5a00000, 0x00000000d5580000)
  object space 616448K, 21% used [0x0000000080000000,0x00000000880f10b0,0x00000000a5a00000)
 Metaspace       used 87998K, committed 89664K, reserved 1179648K
  class space    used 9292K, committed 10112K, reserved 1048576K
}
Event: 3872.884 GC heap after
{Heap after GC invocations=679 (full 4):
 PSYoungGen      total 4096K, used 687K [0x00000000d5580000, 0x00000000d5d00000, 0x0000000100000000)
  eden space 3072K, 0% used [0x00000000d5580000,0x00000000d5580000,0x00000000d5880000)
  from space 1024K, 67% used [0x00000000d5b00000,0x00000000d5babcb0,0x00000000d5c00000)
  to   space 1024K, 0% used [0x00000000d5c00000,0x00000000d5c00000,0x00000000d5d00000)
 ParOldGen       total 616448K, used 132228K [0x0000000080000000, 0x00000000a5a00000, 0x00000000d5580000)
  object space 616448K, 21% used [0x0000000080000000,0x0000000088121120,0x00000000a5a00000)
 Metaspace       used 87998K, committed 89664K, reserved 1179648K
  class space    used 9292K, committed 10112K, reserved 1048576K
}
Event: 3872.921 GC heap before
{Heap before GC invocations=680 (full 4):
 PSYoungGen      total 4096K, used 3759K [0x00000000d5580000, 0x00000000d5d00000, 0x0000000100000000)
  eden space 3072K, 100% used [0x00000000d5580000,0x00000000d5880000,0x00000000d5880000)
  from space 1024K, 67% used [0x00000000d5b00000,0x00000000d5babcb0,0x00000000d5c00000)
  to   space 1024K, 0% used [0x00000000d5c00000,0x00000000d5c00000,0x00000000d5d00000)
 ParOldGen       total 616448K, used 132228K [0x0000000080000000, 0x00000000a5a00000, 0x00000000d5580000)
  object space 616448K, 21% used [0x0000000080000000,0x0000000088121120,0x00000000a5a00000)
 Metaspace       used 88392K, committed 89984K, reserved 1179648K
  class space    used 9376K, committed 10176K, reserved 1048576K
}
Event: 3872.922 GC heap after
{Heap after GC invocations=680 (full 4):
 PSYoungGen      total 3584K, used 384K [0x00000000d5580000, 0x00000000d5c80000, 0x0000000100000000)
  eden space 3072K, 0% used [0x00000000d5580000,0x00000000d5580000,0x00000000d5880000)
  from space 512K, 75% used [0x00000000d5c00000,0x00000000d5c60010,0x00000000d5c80000)
  to   space 512K, 0% used [0x00000000d5b80000,0x00000000d5b80000,0x00000000d5c00000)
 ParOldGen       total 616448K, used 132694K [0x0000000080000000, 0x00000000a5a00000, 0x00000000d5580000)
  object space 616448K, 21% used [0x0000000080000000,0x0000000088195a70,0x00000000a5a00000)
 Metaspace       used 88392K, committed 89984K, reserved 1179648K
  class space    used 9376K, committed 10176K, reserved 1048576K
}
Event: 3879.563 GC heap before
{Heap before GC invocations=681 (full 4):
 PSYoungGen      total 3584K, used 3456K [0x00000000d5580000, 0x00000000d5c80000, 0x0000000100000000)
  eden space 3072K, 100% used [0x00000000d5580000,0x00000000d5880000,0x00000000d5880000)
  from space 512K, 75% used [0x00000000d5c00000,0x00000000d5c60010,0x00000000d5c80000)
  to   space 512K, 0% used [0x00000000d5b80000,0x00000000d5b80000,0x00000000d5c00000)
 ParOldGen       total 616448K, used 132694K [0x0000000080000000, 0x00000000a5a00000, 0x00000000d5580000)
  object space 616448K, 21% used [0x0000000080000000,0x0000000088195a70,0x00000000a5a00000)
 Metaspace       used 88509K, committed 90112K, reserved 1179648K
  class space    used 9394K, committed 10176K, reserved 1048576K
}
Event: 3879.565 GC heap after
{Heap after GC invocations=681 (full 4):
 PSYoungGen      total 3584K, used 496K [0x00000000d5580000, 0x00000000d5c80000, 0x0000000100000000)
  eden space 3072K, 0% used [0x00000000d5580000,0x00000000d5580000,0x00000000d5880000)
  from space 512K, 96% used [0x00000000d5b80000,0x00000000d5bfc010,0x00000000d5c00000)
  to   space 512K, 0% used [0x00000000d5c00000,0x00000000d5c00000,0x00000000d5c80000)
 ParOldGen       total 616448K, used 132875K [0x0000000080000000, 0x00000000a5a00000, 0x00000000d5580000)
  object space 616448K, 21% used [0x0000000080000000,0x00000000881c2ef0,0x00000000a5a00000)
 Metaspace       used 88509K, committed 90112K, reserved 1179648K
  class space    used 9394K, committed 10176K, reserved 1048576K
}
Event: 3879.967 GC heap before
{Heap before GC invocations=682 (full 4):
 PSYoungGen      total 3584K, used 3568K [0x00000000d5580000, 0x00000000d5c80000, 0x0000000100000000)
  eden space 3072K, 100% used [0x00000000d5580000,0x00000000d5880000,0x00000000d5880000)
  from space 512K, 96% used [0x00000000d5b80000,0x00000000d5bfc010,0x00000000d5c00000)
  to   space 512K, 0% used [0x00000000d5c00000,0x00000000d5c00000,0x00000000d5c80000)
 ParOldGen       total 616448K, used 132875K [0x0000000080000000, 0x00000000a5a00000, 0x00000000d5580000)
  object space 616448K, 21% used [0x0000000080000000,0x00000000881c2ef0,0x00000000a5a00000)
 Metaspace       used 88511K, committed 90112K, reserved 1179648K
  class space    used 9394K, committed 10176K, reserved 1048576K
}
Event: 3879.967 GC heap after
{Heap after GC invocations=682 (full 4):
 PSYoungGen      total 3584K, used 512K [0x00000000d5580000, 0x00000000d5c80000, 0x0000000100000000)
  eden space 3072K, 0% used [0x00000000d5580000,0x00000000d5580000,0x00000000d5880000)
  from space 512K, 100% used [0x00000000d5c00000,0x00000000d5c80000,0x00000000d5c80000)
  to   space 1024K, 0% used [0x00000000d5a80000,0x00000000d5a80000,0x00000000d5b80000)
 ParOldGen       total 616448K, used 133312K [0x0000000080000000, 0x00000000a5a00000, 0x00000000d5580000)
  object space 616448K, 21% used [0x0000000080000000,0x0000000088230390,0x00000000a5a00000)
 Metaspace       used 88511K, committed 90112K, reserved 1179648K
  class space    used 9394K, committed 10176K, reserved 1048576K
}
Event: 3884.513 GC heap before
{Heap before GC invocations=683 (full 4):
 PSYoungGen      total 3584K, used 3584K [0x00000000d5580000, 0x00000000d5c80000, 0x0000000100000000)
  eden space 3072K, 100% used [0x00000000d5580000,0x00000000d5880000,0x00000000d5880000)
  from space 512K, 100% used [0x00000000d5c00000,0x00000000d5c80000,0x00000000d5c80000)
  to   space 1024K, 0% used [0x00000000d5a80000,0x00000000d5a80000,0x00000000d5b80000)
 ParOldGen       total 616448K, used 133312K [0x0000000080000000, 0x00000000a5a00000, 0x00000000d5580000)
  object space 616448K, 21% used [0x0000000080000000,0x0000000088230390,0x00000000a5a00000)
 Metaspace       used 88516K, committed 90112K, reserved 1179648K
  class space    used 9394K, committed 10176K, reserved 1048576K
}
Event: 3884.514 GC heap after
{Heap after GC invocations=683 (full 4):
 PSYoungGen      total 4096K, used 352K [0x00000000d5580000, 0x00000000d5c80000, 0x0000000100000000)
  eden space 3072K, 0% used [0x00000000d5580000,0x00000000d5580000,0x00000000d5880000)
  from space 1024K, 34% used [0x00000000d5a80000,0x00000000d5ad8000,0x00000000d5b80000)
  to   space 1024K, 0% used [0x00000000d5b80000,0x00000000d5b80000,0x00000000d5c80000)
 ParOldGen       total 616448K, used 133678K [0x0000000080000000, 0x00000000a5a00000, 0x00000000d5580000)
  object space 616448K, 21% used [0x0000000080000000,0x000000008828b820,0x00000000a5a00000)
 Metaspace       used 88516K, committed 90112K, reserved 1179648K
  class space    used 9394K, committed 10176K, reserved 1048576K
}
Event: 3886.626 GC heap before
{Heap before GC invocations=684 (full 4):
 PSYoungGen      total 4096K, used 3424K [0x00000000d5580000, 0x00000000d5c80000, 0x0000000100000000)
  eden space 3072K, 100% used [0x00000000d5580000,0x00000000d5880000,0x00000000d5880000)
  from space 1024K, 34% used [0x00000000d5a80000,0x00000000d5ad8000,0x00000000d5b80000)
  to   space 1024K, 0% used [0x00000000d5b80000,0x00000000d5b80000,0x00000000d5c80000)
 ParOldGen       total 616448K, used 133678K [0x0000000080000000, 0x00000000a5a00000, 0x00000000d5580000)
  object space 616448K, 21% used [0x0000000080000000,0x000000008828b820,0x00000000a5a00000)
 Metaspace       used 88517K, committed 90112K, reserved 1179648K
  class space    used 9394K, committed 10176K, reserved 1048576K
}
Event: 3886.627 GC heap after
{Heap after GC invocations=684 (full 4):
 PSYoungGen      total 4096K, used 624K [0x00000000d5580000, 0x00000000d5c80000, 0x0000000100000000)
  eden space 3072K, 0% used [0x00000000d5580000,0x00000000d5580000,0x00000000d5880000)
  from space 1024K, 60% used [0x00000000d5b80000,0x00000000d5c1c010,0x00000000d5c80000)
  to   space 1024K, 0% used [0x00000000d5a80000,0x00000000d5a80000,0x00000000d5b80000)
 ParOldGen       total 616448K, used 133774K [0x0000000080000000, 0x00000000a5a00000, 0x00000000d5580000)
  object space 616448K, 21% used [0x0000000080000000,0x00000000882a3820,0x00000000a5a00000)
 Metaspace       used 88517K, committed 90112K, reserved 1179648K
  class space    used 9394K, committed 10176K, reserved 1048576K
}
Event: 3886.926 GC heap before
{Heap before GC invocations=685 (full 4):
 PSYoungGen      total 4096K, used 3696K [0x00000000d5580000, 0x00000000d5c80000, 0x0000000100000000)
  eden space 3072K, 100% used [0x00000000d5580000,0x00000000d5880000,0x00000000d5880000)
  from space 1024K, 60% used [0x00000000d5b80000,0x00000000d5c1c010,0x00000000d5c80000)
  to   space 1024K, 0% used [0x00000000d5a80000,0x00000000d5a80000,0x00000000d5b80000)
 ParOldGen       total 616448K, used 133774K [0x0000000080000000, 0x00000000a5a00000, 0x00000000d5580000)
  object space 616448K, 21% used [0x0000000080000000,0x00000000882a3820,0x00000000a5a00000)
 Metaspace       used 88530K, committed 90112K, reserved 1179648K
  class space    used 9394K, committed 10176K, reserved 1048576K
}
Event: 3886.928 GC heap after
{Heap after GC invocations=685 (full 4):
 PSYoungGen      total 4096K, used 384K [0x00000000d5580000, 0x00000000d5c00000, 0x0000000100000000)
  eden space 3072K, 0% used [0x00000000d5580000,0x00000000d5580000,0x00000000d5880000)
  from space 1024K, 37% used [0x00000000d5a80000,0x00000000d5ae0000,0x00000000d5b80000)
  to   space 512K, 0% used [0x00000000d5b80000,0x00000000d5b80000,0x00000000d5c00000)
 ParOldGen       total 616448K, used 134244K [0x0000000080000000, 0x00000000a5a00000, 0x00000000d5580000)
  object space 616448K, 21% used [0x0000000080000000,0x0000000088319270,0x00000000a5a00000)
 Metaspace       used 88530K, committed 90112K, reserved 1179648K
  class space    used 9394K, committed 10176K, reserved 1048576K
}
Event: 3887.077 GC heap before
{Heap before GC invocations=686 (full 4):
 PSYoungGen      total 4096K, used 3455K [0x00000000d5580000, 0x00000000d5c00000, 0x0000000100000000)
  eden space 3072K, 99% used [0x00000000d5580000,0x00000000d587fe58,0x00000000d5880000)
  from space 1024K, 37% used [0x00000000d5a80000,0x00000000d5ae0000,0x00000000d5b80000)
  to   space 512K, 0% used [0x00000000d5b80000,0x00000000d5b80000,0x00000000d5c00000)
 ParOldGen       total 616448K, used 134244K [0x0000000080000000, 0x00000000a5a00000, 0x00000000d5580000)
  object space 616448K, 21% used [0x0000000080000000,0x0000000088319270,0x00000000a5a00000)
 Metaspace       used 88566K, committed 90176K, reserved 1179648K
  class space    used 9396K, committed 10176K, reserved 1048576K
}
Event: 3887.078 GC heap after
{Heap after GC invocations=686 (full 4):
 PSYoungGen      total 3584K, used 288K [0x00000000d5580000, 0x00000000d5c00000, 0x0000000100000000)
  eden space 3072K, 0% used [0x00000000d5580000,0x00000000d5580000,0x00000000d5880000)
  from space 512K, 56% used [0x00000000d5b80000,0x00000000d5bc8000,0x00000000d5c00000)
  to   space 512K, 0% used [0x00000000d5b00000,0x00000000d5b00000,0x00000000d5b80000)
 ParOldGen       total 616448K, used 134340K [0x0000000080000000, 0x00000000a5a00000, 0x00000000d5580000)
  object space 616448K, 21% used [0x0000000080000000,0x0000000088331270,0x00000000a5a00000)
 Metaspace       used 88566K, committed 90176K, reserved 1179648K
  class space    used 9396K, committed 10176K, reserved 1048576K
}
Event: 3918.640 GC heap before
{Heap before GC invocations=687 (full 4):
 PSYoungGen      total 3584K, used 3360K [0x00000000d5580000, 0x00000000d5c00000, 0x0000000100000000)
  eden space 3072K, 100% used [0x00000000d5580000,0x00000000d5880000,0x00000000d5880000)
  from space 512K, 56% used [0x00000000d5b80000,0x00000000d5bc8000,0x00000000d5c00000)
  to   space 512K, 0% used [0x00000000d5b00000,0x00000000d5b00000,0x00000000d5b80000)
 ParOldGen       total 616448K, used 134340K [0x0000000080000000, 0x00000000a5a00000, 0x00000000d5580000)
  object space 616448K, 21% used [0x0000000080000000,0x0000000088331270,0x00000000a5a00000)
 Metaspace       used 88579K, committed 90176K, reserved 1179648K
  class space    used 9396K, committed 10176K, reserved 1048576K
}
Event: 3918.641 GC heap after
{Heap after GC invocations=687 (full 4):
 PSYoungGen      total 3584K, used 192K [0x00000000d5580000, 0x00000000d5c00000, 0x0000000100000000)
  eden space 3072K, 0% used [0x00000000d5580000,0x00000000d5580000,0x00000000d5880000)
  from space 512K, 37% used [0x00000000d5b00000,0x00000000d5b30000,0x00000000d5b80000)
  to   space 512K, 0% used [0x00000000d5b80000,0x00000000d5b80000,0x00000000d5c00000)
 ParOldGen       total 616448K, used 134364K [0x0000000080000000, 0x00000000a5a00000, 0x00000000d5580000)
  object space 616448K, 21% used [0x0000000080000000,0x0000000088337270,0x00000000a5a00000)
 Metaspace       used 88579K, committed 90176K, reserved 1179648K
  class space    used 9396K, committed 10176K, reserved 1048576K
}

